<?xml version="1.0" encoding="UTF-8"?>
<!-- Generated by org.testng.reporters.JUnitXMLReporter -->
<testsuite ignored="0" hostname="LAPTOP-2TU5J9CV" failures="0" tests="2" name="Test-Runner-2" time="32.498" errors="0" timestamp="2023-11-01T11:20:36 IST">
  <testcase classname="organizationTests.CreateOrganizationWithBCTest" name="createNewOrganizationTest" time="11.332"/>
  <testcase classname="organizationTests.CreateOrganizationWithBCTest" name="excludeMethod" time="0.0"/>
</testsuite> <!-- Test-Runner-2 -->
