<?xml version="1.0" encoding="UTF-8"?>
<!-- Generated by org.testng.reporters.JUnitXMLReporter -->
<testsuite ignored="0" hostname="LAPTOP-2TU5J9CV" failures="0" tests="1" name="Test-Runner-edge" time="20.487" errors="0" timestamp="2023-11-01T11:58:45 IST">
  <testcase classname="contactTests.CreateContactWithBCTest" name="createNewContactTest" time="7.874"/>
</testsuite> <!-- Test-Runner-edge -->
