<?xml version="1.0" encoding="UTF-8"?>
<!-- Generated by org.testng.reporters.JUnitXMLReporter -->
<testsuite ignored="0" hostname="LAPTOP-2TU5J9CV" failures="0" tests="1" name="Test-Runner-1" time="27.591" errors="0" timestamp="2023-11-01T11:20:31 IST">
  <testcase classname="contactTests.CreateContactWithBCTest" name="createNewContactTest" time="11.813"/>
</testsuite> <!-- Test-Runner-1 -->
