<?xml version="1.0" encoding="UTF-8"?>
<!-- Generated by org.testng.reporters.JUnitReportReporter -->
<testsuite hostname="LAPTOP-2TU5J9CV" failures="0" tests="1" name="contactTests.CreateContactWithOrgUsingBCTest" time="23.163" errors="0" timestamp="2023-11-03T11:50:09 IST" skipped="0">
  <testcase classname="contactTests.CreateContactWithOrgUsingBCTest" name="createNewContactWithOrgTest" time="23.163"/>
</testsuite> <!-- contactTests.CreateContactWithOrgUsingBCTest -->
