<?xml version="1.0" encoding="UTF-8"?>
<!-- Generated by org.testng.reporters.JUnitReportReporter -->
<testsuite hostname="LAPTOP-2TU5J9CV" failures="0" tests="1" name="contactTests.CreateContactTest" time="96.568" errors="0" timestamp="2023-10-19T11:42:59 IST" skipped="0">
  <testcase classname="contactTests.CreateContactTest" name="createNewContactTest" time="96.568"/>
  <system-out/>
</testsuite> <!-- contactTests.CreateContactTest -->
