<?xml version="1.0" encoding="UTF-8"?>
<!-- Generated by org.testng.reporters.JUnitReportReporter -->
<testsuite hostname="LAPTOP-2TU5J9CV" failures="0" tests="2" name="organizationTests.CreateOrganizationWithBCTest" time="20.905" errors="0" timestamp="2023-11-03T12:07:55 IST" skipped="0">
  <testcase classname="organizationTests.CreateOrganizationWithBCTest" name="excludeMethod" time="5.882"/>
  <testcase classname="organizationTests.CreateOrganizationWithBCTest" name="createNewOrganizationTest" time="15.023"/>
</testsuite> <!-- organizationTests.CreateOrganizationWithBCTest -->
