<?xml version="1.0" encoding="UTF-8"?>
<!-- Generated by org.testng.reporters.JUnitReportReporter -->
<testsuite hostname="LAPTOP-2TU5J9CV" failures="0" tests="1" name="organizationTests.CreateOrgWithIndustryAndTypeUsingBC" time="15.131" errors="0" timestamp="2023-11-04T13:21:04 IST" skipped="0">
  <testcase classname="organizationTests.CreateOrgWithIndustryAndTypeUsingBC" name="createNewOrganizationWithIndustryAndTypeTest" time="15.131"/>
</testsuite> <!-- organizationTests.CreateOrgWithIndustryAndTypeUsingBC -->
