<?xml version="1.0" encoding="UTF-8"?>
<!-- Generated by org.testng.reporters.JUnitReportReporter -->
<testsuite hostname="LAPTOP-2TU5J9CV" failures="0" tests="4" name="contactTests.CreateMultipleContacts" time="141.874" errors="0" timestamp="2023-10-26T14:15:22 IST" skipped="0">
  <testcase classname="contactTests.CreateMultipleContacts" name="createMultipleContact" time="27.617"/>
  <system-out/>
  <testcase classname="contactTests.CreateMultipleContacts" name="createMultipleContact" time="62.318"/>
  <system-out/>
  <testcase classname="contactTests.CreateMultipleContacts" name="createMultipleContact" time="19.158"/>
  <system-out/>
  <testcase classname="contactTests.CreateMultipleContacts" name="createMultipleContact" time="32.781"/>
  <system-out/>
</testsuite> <!-- contactTests.CreateMultipleContacts -->
